<?xml version="1.0" encoding="UTF-8"?>
<robot generator="Robot 3.2.2 (Python 3.9.1 on win32)" generated="20210326 10:10:52.033" rpa="false">
<suite id="s1" name="Invalid Credential Tests &amp; Valid Credential Tests &amp; Verify Add Patient Tests">
<suite id="s1-s1" name="Invalid Credential Tests" source="D:\B-Mine\Company\Company\Ericsson\robot_workpace\OpenEmr\LoginSuite\invalid_credential_tests.robot">
<test id="s1-s1-t1" name="Invalid_Credential_Test_admin12_pass1">
<kw name="Launch_Browser" library="common_functionality" type="setup">
<kw name="Append To Environment Variable" library="OperatingSystem">
<doc>Appends given ``values`` to environment variable ``name``.</doc>
<arguments>
<arg>PATH</arg>
<arg>${EXECDIR}${/}driver</arg>
</arguments>
<msg timestamp="20210326 10:10:53.399" level="INFO">Environment variable 'PATH' set to value 'C:\Program Files (x86)\Common Files\Oracle\Java\javapath;C:\WINDOWS\system32;C:\WINDOWS;C:\WINDOWS\System32\Wbem;C:\WINDOWS\System32\WindowsPowerShell\v1.0\;C:\WINDOWS\System32\OpenSSH\;C:\Program Files\Java\jdk1.8.0_281\bin;C:\Users\JiDi\AppData\Local\Android\Sdk\platform-tools;C:\Users\JiDi\AppData\Local\Android\Sdk\emulator;C:\Program Files\nodejs\;C:\Components\Maven\apache-maven-3.6.3\bin;C:\Program Files\Java\jdk1.8.0_281\bin;C:\Program Files (x86)\Windows Kits\10\Windows Performance Toolkit\;C:\Program Files\Python39;C:\Program Files\Python39\Scripts;C:\Program Files\Git\cmd;C:\Users\JiDi\AppData\Roaming\npm;;D:\B-Mine\Company\Company\Ericsson\robot_workpace\OpenEmr\driver'.</msg>
<status status="PASS" starttime="20210326 10:10:53.398" endtime="20210326 10:10:53.399"></status>
</kw>
<kw name="Open Browser" library="SeleniumLibrary">
<doc>Opens a new browser instance to the optional ``url``.</doc>
<arguments>
<arg>browser=${BROWSER}</arg>
</arguments>
<msg timestamp="20210326 10:10:53.399" level="INFO">Opening browser 'chrome' to base url 'None'.</msg>
<status status="PASS" starttime="20210326 10:10:53.399" endtime="20210326 10:10:54.746"></status>
</kw>
<kw name="Maximize Browser Window" library="SeleniumLibrary">
<doc>Maximizes current browser window.</doc>
<status status="PASS" starttime="20210326 10:10:54.746" endtime="20210326 10:10:54.862"></status>
</kw>
<kw name="Go To" library="SeleniumLibrary">
<doc>Navigates the current browser window to the provided ``url``.</doc>
<arguments>
<arg>url=${URL}</arg>
</arguments>
<msg timestamp="20210326 10:10:54.863" level="INFO">Opening url 'https://demo.openemr.io/b/openemr/interface/login/login.php?site=default'</msg>
<status status="PASS" starttime="20210326 10:10:54.863" endtime="20210326 10:11:01.223"></status>
</kw>
<kw name="Set Selenium Implicit Wait" library="SeleniumLibrary">
<doc>Sets the implicit wait value used by Selenium.</doc>
<arguments>
<arg>30s</arg>
</arguments>
<status status="PASS" starttime="20210326 10:11:01.223" endtime="20210326 10:11:01.226"></status>
</kw>
<kw name="Set Selenium Timeout" library="SeleniumLibrary">
<doc>Sets the timeout that is used by various keywords.</doc>
<arguments>
<arg>50s</arg>
</arguments>
<status status="PASS" starttime="20210326 10:11:01.226" endtime="20210326 10:11:01.230"></status>
</kw>
<status status="PASS" starttime="20210326 10:10:53.398" endtime="20210326 10:11:01.230"></status>
</kw>
<kw name="Invalid_Credential_Template">
<arguments>
<arg>admin12</arg>
<arg>pass1</arg>
<arg>English (Indian)</arg>
<arg>Invalid username or password</arg>
</arguments>
<kw name="Enter_Username" library="LoginPage">
<arguments>
<arg>${username}</arg>
</arguments>
<kw name="Input Text" library="SeleniumLibrary">
<doc>Types the given ``text`` into the text field identified by ``locator``.</doc>
<arguments>
<arg>${USERNAME_LOCATOR}</arg>
<arg>${username}</arg>
</arguments>
<msg timestamp="20210326 10:11:01.233" level="INFO">Typing text 'admin12' into text field 'xpath=//input[@id='authUser']'.</msg>
<status status="PASS" starttime="20210326 10:11:01.233" endtime="20210326 10:11:01.403"></status>
</kw>
<status status="PASS" starttime="20210326 10:11:01.232" endtime="20210326 10:11:01.403"></status>
</kw>
<kw name="Enter_Password" library="LoginPage">
<arguments>
<arg>${password}</arg>
</arguments>
<kw name="Input Password" library="SeleniumLibrary">
<doc>Types the given password into the text field identified by ``locator``.</doc>
<arguments>
<arg>${PASSWORD_LOCATOR}</arg>
<arg>${password}</arg>
</arguments>
<msg timestamp="20210326 10:11:01.405" level="INFO">Typing password into text field 'id=clearPass'.</msg>
<msg timestamp="20210326 10:11:01.471" level="INFO">Temporally setting log level to: NONE</msg>
<msg timestamp="20210326 10:11:01.533" level="INFO">Log level changed from NONE to INFO.</msg>
<status status="PASS" starttime="20210326 10:11:01.404" endtime="20210326 10:11:01.533"></status>
</kw>
<status status="PASS" starttime="20210326 10:11:01.403" endtime="20210326 10:11:01.534"></status>
</kw>
<kw name="Select_Language_Using_Label" library="LoginPage">
<arguments>
<arg>${language}</arg>
</arguments>
<kw name="Select From List By Label" library="SeleniumLibrary">
<doc>Selects options from selection list ``locator`` by ``labels``.</doc>
<arguments>
<arg>${LANGUAGE_LOCATOR}</arg>
<arg>${language}</arg>
</arguments>
<msg timestamp="20210326 10:11:01.535" level="INFO">Selecting options from selection list 'name=languageChoice' by label English (Indian).</msg>
<status status="PASS" starttime="20210326 10:11:01.535" endtime="20210326 10:11:01.639"></status>
</kw>
<status status="PASS" starttime="20210326 10:11:01.534" endtime="20210326 10:11:01.640"></status>
</kw>
<kw name="Click_Login" library="LoginPage">
<kw name="Click Element" library="SeleniumLibrary">
<doc>Click the element identified by ``locator``.</doc>
<arguments>
<arg>${LOGIN_LOCATOR}</arg>
</arguments>
<msg timestamp="20210326 10:11:01.641" level="INFO">Clicking element 'xpath=//button[@type='submit']'.</msg>
<status status="PASS" starttime="20210326 10:11:01.641" endtime="20210326 10:11:02.723"></status>
</kw>
<status status="PASS" starttime="20210326 10:11:01.640" endtime="20210326 10:11:02.724"></status>
</kw>
<kw name="Validate_Error_Message" library="LoginPage">
<arguments>
<arg>${expectedvalue}</arg>
</arguments>
<kw name="Element Should Contain" library="SeleniumLibrary">
<doc>Verifies that element ``locator`` contains text ``expected``.</doc>
<arguments>
<arg>${ERROR_LOCATOR}</arg>
<arg>${expectedvalue}</arg>
</arguments>
<msg timestamp="20210326 10:11:02.772" level="INFO">Element '//*[contains(text(),'Invalid')]' contains text 'Invalid username or password'.</msg>
<status status="PASS" starttime="20210326 10:11:02.726" endtime="20210326 10:11:02.772"></status>
</kw>
<status status="PASS" starttime="20210326 10:11:02.724" endtime="20210326 10:11:02.772"></status>
</kw>
<kw name="End_Browser" library="common_functionality" type="teardown">
<kw name="Close All Browsers" library="SeleniumLibrary">
<doc>Closes all open browsers and resets the browser cache.</doc>
<status status="PASS" starttime="20210326 10:11:02.772" endtime="20210326 10:11:06.252"></status>
</kw>
<status status="PASS" starttime="20210326 10:11:02.772" endtime="20210326 10:11:06.252"></status>
</kw>
<status status="PASS" starttime="20210326 10:11:01.231" endtime="20210326 10:11:06.252"></status>
</kw>
<status status="PASS" starttime="20210326 10:10:53.397" endtime="20210326 10:11:06.253" critical="yes"></status>
</test>
<test id="s1-s1-t2" name="Invalid_Credential_Test_bala12_pass2">
<kw name="Launch_Browser" library="common_functionality" type="setup">
<kw name="Append To Environment Variable" library="OperatingSystem">
<doc>Appends given ``values`` to environment variable ``name``.</doc>
<arguments>
<arg>PATH</arg>
<arg>${EXECDIR}${/}driver</arg>
</arguments>
<msg timestamp="20210326 10:11:06.256" level="INFO">Environment variable 'PATH' set to value 'C:\Program Files (x86)\Common Files\Oracle\Java\javapath;C:\WINDOWS\system32;C:\WINDOWS;C:\WINDOWS\System32\Wbem;C:\WINDOWS\System32\WindowsPowerShell\v1.0\;C:\WINDOWS\System32\OpenSSH\;C:\Program Files\Java\jdk1.8.0_281\bin;C:\Users\JiDi\AppData\Local\Android\Sdk\platform-tools;C:\Users\JiDi\AppData\Local\Android\Sdk\emulator;C:\Program Files\nodejs\;C:\Components\Maven\apache-maven-3.6.3\bin;C:\Program Files\Java\jdk1.8.0_281\bin;C:\Program Files (x86)\Windows Kits\10\Windows Performance Toolkit\;C:\Program Files\Python39;C:\Program Files\Python39\Scripts;C:\Program Files\Git\cmd;C:\Users\JiDi\AppData\Roaming\npm;;D:\B-Mine\Company\Company\Ericsson\robot_workpace\OpenEmr\driver;D:\B-Mine\Company\Company\Ericsson\robot_workpace\OpenEmr\driver'.</msg>
<status status="PASS" starttime="20210326 10:11:06.256" endtime="20210326 10:11:06.256"></status>
</kw>
<kw name="Open Browser" library="SeleniumLibrary">
<doc>Opens a new browser instance to the optional ``url``.</doc>
<arguments>
<arg>browser=${BROWSER}</arg>
</arguments>
<msg timestamp="20210326 10:11:06.257" level="INFO">Opening browser 'chrome' to base url 'None'.</msg>
<status status="PASS" starttime="20210326 10:11:06.257" endtime="20210326 10:11:07.921"></status>
</kw>
<kw name="Maximize Browser Window" library="SeleniumLibrary">
<doc>Maximizes current browser window.</doc>
<status status="PASS" starttime="20210326 10:11:07.921" endtime="20210326 10:11:08.035"></status>
</kw>
<kw name="Go To" library="SeleniumLibrary">
<doc>Navigates the current browser window to the provided ``url``.</doc>
<arguments>
<arg>url=${URL}</arg>
</arguments>
<msg timestamp="20210326 10:11:08.035" level="INFO">Opening url 'https://demo.openemr.io/b/openemr/interface/login/login.php?site=default'</msg>
<status status="PASS" starttime="20210326 10:11:08.035" endtime="20210326 10:11:11.395"></status>
</kw>
<kw name="Set Selenium Implicit Wait" library="SeleniumLibrary">
<doc>Sets the implicit wait value used by Selenium.</doc>
<arguments>
<arg>30s</arg>
</arguments>
<status status="PASS" starttime="20210326 10:11:11.396" endtime="20210326 10:11:11.399"></status>
</kw>
<kw name="Set Selenium Timeout" library="SeleniumLibrary">
<doc>Sets the timeout that is used by various keywords.</doc>
<arguments>
<arg>50s</arg>
</arguments>
<status status="PASS" starttime="20210326 10:11:11.400" endtime="20210326 10:11:11.402"></status>
</kw>
<status status="PASS" starttime="20210326 10:11:06.255" endtime="20210326 10:11:11.402"></status>
</kw>
<kw name="Invalid_Credential_Template">
<arguments>
<arg>bala12</arg>
<arg>pass2</arg>
<arg>Dutch</arg>
<arg>Invalid username or password</arg>
</arguments>
<kw name="Enter_Username" library="LoginPage">
<arguments>
<arg>${username}</arg>
</arguments>
<kw name="Input Text" library="SeleniumLibrary">
<doc>Types the given ``text`` into the text field identified by ``locator``.</doc>
<arguments>
<arg>${USERNAME_LOCATOR}</arg>
<arg>${username}</arg>
</arguments>
<msg timestamp="20210326 10:11:11.405" level="INFO">Typing text 'bala12' into text field 'xpath=//input[@id='authUser']'.</msg>
<status status="PASS" starttime="20210326 10:11:11.405" endtime="20210326 10:11:11.638"></status>
</kw>
<status status="PASS" starttime="20210326 10:11:11.403" endtime="20210326 10:11:11.638"></status>
</kw>
<kw name="Enter_Password" library="LoginPage">
<arguments>
<arg>${password}</arg>
</arguments>
<kw name="Input Password" library="SeleniumLibrary">
<doc>Types the given password into the text field identified by ``locator``.</doc>
<arguments>
<arg>${PASSWORD_LOCATOR}</arg>
<arg>${password}</arg>
</arguments>
<msg timestamp="20210326 10:11:11.640" level="INFO">Typing password into text field 'id=clearPass'.</msg>
<msg timestamp="20210326 10:11:11.688" level="INFO">Temporally setting log level to: NONE</msg>
<msg timestamp="20210326 10:11:11.747" level="INFO">Log level changed from NONE to INFO.</msg>
<status status="PASS" starttime="20210326 10:11:11.639" endtime="20210326 10:11:11.747"></status>
</kw>
<status status="PASS" starttime="20210326 10:11:11.639" endtime="20210326 10:11:11.747"></status>
</kw>
<kw name="Select_Language_Using_Label" library="LoginPage">
<arguments>
<arg>${language}</arg>
</arguments>
<kw name="Select From List By Label" library="SeleniumLibrary">
<doc>Selects options from selection list ``locator`` by ``labels``.</doc>
<arguments>
<arg>${LANGUAGE_LOCATOR}</arg>
<arg>${language}</arg>
</arguments>
<msg timestamp="20210326 10:11:11.750" level="INFO">Selecting options from selection list 'name=languageChoice' by label Dutch.</msg>
<status status="PASS" starttime="20210326 10:11:11.749" endtime="20210326 10:11:11.843"></status>
</kw>
<status status="PASS" starttime="20210326 10:11:11.747" endtime="20210326 10:11:11.843"></status>
</kw>
<kw name="Click_Login" library="LoginPage">
<kw name="Click Element" library="SeleniumLibrary">
<doc>Click the element identified by ``locator``.</doc>
<arguments>
<arg>${LOGIN_LOCATOR}</arg>
</arguments>
<msg timestamp="20210326 10:11:11.844" level="INFO">Clicking element 'xpath=//button[@type='submit']'.</msg>
<status status="PASS" starttime="20210326 10:11:11.844" endtime="20210326 10:11:13.000"></status>
</kw>
<status status="PASS" starttime="20210326 10:11:11.844" endtime="20210326 10:11:13.001"></status>
</kw>
<kw name="Validate_Error_Message" library="LoginPage">
<arguments>
<arg>${expectedvalue}</arg>
</arguments>
<kw name="Element Should Contain" library="SeleniumLibrary">
<doc>Verifies that element ``locator`` contains text ``expected``.</doc>
<arguments>
<arg>${ERROR_LOCATOR}</arg>
<arg>${expectedvalue}</arg>
</arguments>
<msg timestamp="20210326 10:11:13.052" level="INFO">Element '//*[contains(text(),'Invalid')]' contains text 'Invalid username or password'.</msg>
<status status="PASS" starttime="20210326 10:11:13.004" endtime="20210326 10:11:13.052"></status>
</kw>
<status status="PASS" starttime="20210326 10:11:13.001" endtime="20210326 10:11:13.053"></status>
</kw>
<kw name="End_Browser" library="common_functionality" type="teardown">
<kw name="Close All Browsers" library="SeleniumLibrary">
<doc>Closes all open browsers and resets the browser cache.</doc>
<status status="PASS" starttime="20210326 10:11:13.054" endtime="20210326 10:11:15.344"></status>
</kw>
<status status="PASS" starttime="20210326 10:11:13.054" endtime="20210326 10:11:15.344"></status>
</kw>
<status status="PASS" starttime="20210326 10:11:11.403" endtime="20210326 10:11:15.344"></status>
</kw>
<status status="PASS" starttime="20210326 10:11:06.255" endtime="20210326 10:11:15.345" critical="yes"></status>
</test>
<test id="s1-s1-t3" name="Invalid_Credential_Test_john12_pass3">
<kw name="Launch_Browser" library="common_functionality" type="setup">
<kw name="Append To Environment Variable" library="OperatingSystem">
<doc>Appends given ``values`` to environment variable ``name``.</doc>
<arguments>
<arg>PATH</arg>
<arg>${EXECDIR}${/}driver</arg>
</arguments>
<msg timestamp="20210326 10:11:15.347" level="INFO">Environment variable 'PATH' set to value 'C:\Program Files (x86)\Common Files\Oracle\Java\javapath;C:\WINDOWS\system32;C:\WINDOWS;C:\WINDOWS\System32\Wbem;C:\WINDOWS\System32\WindowsPowerShell\v1.0\;C:\WINDOWS\System32\OpenSSH\;C:\Program Files\Java\jdk1.8.0_281\bin;C:\Users\JiDi\AppData\Local\Android\Sdk\platform-tools;C:\Users\JiDi\AppData\Local\Android\Sdk\emulator;C:\Program Files\nodejs\;C:\Components\Maven\apache-maven-3.6.3\bin;C:\Program Files\Java\jdk1.8.0_281\bin;C:\Program Files (x86)\Windows Kits\10\Windows Performance Toolkit\;C:\Program Files\Python39;C:\Program Files\Python39\Scripts;C:\Program Files\Git\cmd;C:\Users\JiDi\AppData\Roaming\npm;;D:\B-Mine\Company\Company\Ericsson\robot_workpace\OpenEmr\driver;D:\B-Mine\Company\Company\Ericsson\robot_workpace\OpenEmr\driver;D:\B-Mine\Company\Company\Ericsson\robot_workpace\OpenEmr\driver'.</msg>
<status status="PASS" starttime="20210326 10:11:15.347" endtime="20210326 10:11:15.348"></status>
</kw>
<kw name="Open Browser" library="SeleniumLibrary">
<doc>Opens a new browser instance to the optional ``url``.</doc>
<arguments>
<arg>browser=${BROWSER}</arg>
</arguments>
<msg timestamp="20210326 10:11:15.348" level="INFO">Opening browser 'chrome' to base url 'None'.</msg>
<status status="PASS" starttime="20210326 10:11:15.348" endtime="20210326 10:11:16.626"></status>
</kw>
<kw name="Maximize Browser Window" library="SeleniumLibrary">
<doc>Maximizes current browser window.</doc>
<status status="PASS" starttime="20210326 10:11:16.626" endtime="20210326 10:11:16.743"></status>
</kw>
<kw name="Go To" library="SeleniumLibrary">
<doc>Navigates the current browser window to the provided ``url``.</doc>
<arguments>
<arg>url=${URL}</arg>
</arguments>
<msg timestamp="20210326 10:11:16.743" level="INFO">Opening url 'https://demo.openemr.io/b/openemr/interface/login/login.php?site=default'</msg>
<status status="PASS" starttime="20210326 10:11:16.743" endtime="20210326 10:11:20.382"></status>
</kw>
<kw name="Set Selenium Implicit Wait" library="SeleniumLibrary">
<doc>Sets the implicit wait value used by Selenium.</doc>
<arguments>
<arg>30s</arg>
</arguments>
<status status="PASS" starttime="20210326 10:11:20.382" endtime="20210326 10:11:20.384"></status>
</kw>
<kw name="Set Selenium Timeout" library="SeleniumLibrary">
<doc>Sets the timeout that is used by various keywords.</doc>
<arguments>
<arg>50s</arg>
</arguments>
<status status="PASS" starttime="20210326 10:11:20.384" endtime="20210326 10:11:20.386"></status>
</kw>
<status status="PASS" starttime="20210326 10:11:15.347" endtime="20210326 10:11:20.386"></status>
</kw>
<kw name="Invalid_Credential_Template">
<arguments>
<arg>john12</arg>
<arg>pass3</arg>
<arg>Dutch</arg>
<arg>Invalid username or password</arg>
</arguments>
<kw name="Enter_Username" library="LoginPage">
<arguments>
<arg>${username}</arg>
</arguments>
<kw name="Input Text" library="SeleniumLibrary">
<doc>Types the given ``text`` into the text field identified by ``locator``.</doc>
<arguments>
<arg>${USERNAME_LOCATOR}</arg>
<arg>${username}</arg>
</arguments>
<msg timestamp="20210326 10:11:20.389" level="INFO">Typing text 'john12' into text field 'xpath=//input[@id='authUser']'.</msg>
<status status="PASS" starttime="20210326 10:11:20.388" endtime="20210326 10:11:20.506"></status>
</kw>
<status status="PASS" starttime="20210326 10:11:20.388" endtime="20210326 10:11:20.506"></status>
</kw>
<kw name="Enter_Password" library="LoginPage">
<arguments>
<arg>${password}</arg>
</arguments>
<kw name="Input Password" library="SeleniumLibrary">
<doc>Types the given password into the text field identified by ``locator``.</doc>
<arguments>
<arg>${PASSWORD_LOCATOR}</arg>
<arg>${password}</arg>
</arguments>
<msg timestamp="20210326 10:11:20.507" level="INFO">Typing password into text field 'id=clearPass'.</msg>
<msg timestamp="20210326 10:11:20.552" level="INFO">Temporally setting log level to: NONE</msg>
<msg timestamp="20210326 10:11:20.623" level="INFO">Log level changed from NONE to INFO.</msg>
<status status="PASS" starttime="20210326 10:11:20.507" endtime="20210326 10:11:20.623"></status>
</kw>
<status status="PASS" starttime="20210326 10:11:20.506" endtime="20210326 10:11:20.624"></status>
</kw>
<kw name="Select_Language_Using_Label" library="LoginPage">
<arguments>
<arg>${language}</arg>
</arguments>
<kw name="Select From List By Label" library="SeleniumLibrary">
<doc>Selects options from selection list ``locator`` by ``labels``.</doc>
<arguments>
<arg>${LANGUAGE_LOCATOR}</arg>
<arg>${language}</arg>
</arguments>
<msg timestamp="20210326 10:11:20.625" level="INFO">Selecting options from selection list 'name=languageChoice' by label Dutch.</msg>
<status status="PASS" starttime="20210326 10:11:20.625" endtime="20210326 10:11:20.714"></status>
</kw>
<status status="PASS" starttime="20210326 10:11:20.624" endtime="20210326 10:11:20.715"></status>
</kw>
<kw name="Click_Login" library="LoginPage">
<kw name="Click Element" library="SeleniumLibrary">
<doc>Click the element identified by ``locator``.</doc>
<arguments>
<arg>${LOGIN_LOCATOR}</arg>
</arguments>
<msg timestamp="20210326 10:11:20.715" level="INFO">Clicking element 'xpath=//button[@type='submit']'.</msg>
<status status="PASS" starttime="20210326 10:11:20.715" endtime="20210326 10:11:22.260"></status>
</kw>
<status status="PASS" starttime="20210326 10:11:20.715" endtime="20210326 10:11:22.261"></status>
</kw>
<kw name="Validate_Error_Message" library="LoginPage">
<arguments>
<arg>${expectedvalue}</arg>
</arguments>
<kw name="Element Should Contain" library="SeleniumLibrary">
<doc>Verifies that element ``locator`` contains text ``expected``.</doc>
<arguments>
<arg>${ERROR_LOCATOR}</arg>
<arg>${expectedvalue}</arg>
</arguments>
<msg timestamp="20210326 10:11:22.296" level="INFO">Element '//*[contains(text(),'Invalid')]' contains text 'Invalid username or password'.</msg>
<status status="PASS" starttime="20210326 10:11:22.262" endtime="20210326 10:11:22.296"></status>
</kw>
<status status="PASS" starttime="20210326 10:11:22.261" endtime="20210326 10:11:22.297"></status>
</kw>
<kw name="End_Browser" library="common_functionality" type="teardown">
<kw name="Close All Browsers" library="SeleniumLibrary">
<doc>Closes all open browsers and resets the browser cache.</doc>
<status status="PASS" starttime="20210326 10:11:22.297" endtime="20210326 10:11:24.641"></status>
</kw>
<status status="PASS" starttime="20210326 10:11:22.297" endtime="20210326 10:11:24.641"></status>
</kw>
<status status="PASS" starttime="20210326 10:11:20.387" endtime="20210326 10:11:24.641"></status>
</kw>
<status status="PASS" starttime="20210326 10:11:15.346" endtime="20210326 10:11:24.642" critical="yes"></status>
</test>
<doc>This file test the invalid credentail error details</doc>
<status status="PASS" starttime="20210326 10:10:52.066" endtime="20210326 10:11:24.644"></status>
</suite>
<suite id="s1-s2" name="Valid Credential Tests" source="D:\B-Mine\Company\Company\Ericsson\robot_workpace\OpenEmr\LoginSuite\valid_credential_tests.robot">
<test id="s1-s2-t1" name="TC1">
<kw name="Launch_Browser" library="common_functionality" type="setup">
<kw name="Append To Environment Variable" library="OperatingSystem">
<doc>Appends given ``values`` to environment variable ``name``.</doc>
<arguments>
<arg>PATH</arg>
<arg>${EXECDIR}${/}driver</arg>
</arguments>
<msg timestamp="20210326 10:11:24.683" level="INFO">Environment variable 'PATH' set to value 'C:\Program Files (x86)\Common Files\Oracle\Java\javapath;C:\WINDOWS\system32;C:\WINDOWS;C:\WINDOWS\System32\Wbem;C:\WINDOWS\System32\WindowsPowerShell\v1.0\;C:\WINDOWS\System32\OpenSSH\;C:\Program Files\Java\jdk1.8.0_281\bin;C:\Users\JiDi\AppData\Local\Android\Sdk\platform-tools;C:\Users\JiDi\AppData\Local\Android\Sdk\emulator;C:\Program Files\nodejs\;C:\Components\Maven\apache-maven-3.6.3\bin;C:\Program Files\Java\jdk1.8.0_281\bin;C:\Program Files (x86)\Windows Kits\10\Windows Performance Toolkit\;C:\Program Files\Python39;C:\Program Files\Python39\Scripts;C:\Program Files\Git\cmd;C:\Users\JiDi\AppData\Roaming\npm;;D:\B-Mine\Company\Company\Ericsson\robot_workpace\OpenEmr\driver;D:\B-Mine\Company\Company\Ericsson\robot_workpace\OpenEmr\driver;D:\B-Mine\Company\Company\Ericsson\robot_workpace\OpenEmr\driver;D:\B-Mine\Company\Company\Ericsson\robot_workpace\OpenEmr\driver'.</msg>
<status status="PASS" starttime="20210326 10:11:24.682" endtime="20210326 10:11:24.683"></status>
</kw>
<kw name="Open Browser" library="SeleniumLibrary">
<doc>Opens a new browser instance to the optional ``url``.</doc>
<arguments>
<arg>browser=${BROWSER}</arg>
</arguments>
<msg timestamp="20210326 10:11:24.684" level="INFO">Opening browser 'chrome' to base url 'None'.</msg>
<status status="PASS" starttime="20210326 10:11:24.683" endtime="20210326 10:11:26.088"></status>
</kw>
<kw name="Maximize Browser Window" library="SeleniumLibrary">
<doc>Maximizes current browser window.</doc>
<status status="PASS" starttime="20210326 10:11:26.088" endtime="20210326 10:11:26.210"></status>
</kw>
<kw name="Go To" library="SeleniumLibrary">
<doc>Navigates the current browser window to the provided ``url``.</doc>
<arguments>
<arg>url=${URL}</arg>
</arguments>
<msg timestamp="20210326 10:11:26.210" level="INFO">Opening url 'https://demo.openemr.io/b/openemr/interface/login/login.php?site=default'</msg>
<status status="PASS" starttime="20210326 10:11:26.210" endtime="20210326 10:11:29.734"></status>
</kw>
<kw name="Set Selenium Implicit Wait" library="SeleniumLibrary">
<doc>Sets the implicit wait value used by Selenium.</doc>
<arguments>
<arg>30s</arg>
</arguments>
<status status="PASS" starttime="20210326 10:11:29.734" endtime="20210326 10:11:29.736"></status>
</kw>
<kw name="Set Selenium Timeout" library="SeleniumLibrary">
<doc>Sets the timeout that is used by various keywords.</doc>
<arguments>
<arg>50s</arg>
</arguments>
<status status="PASS" starttime="20210326 10:11:29.737" endtime="20210326 10:11:29.739"></status>
</kw>
<status status="PASS" starttime="20210326 10:11:24.682" endtime="20210326 10:11:29.739"></status>
</kw>
<kw name="Valid_Credential_Template">
<arguments>
<arg>admin</arg>
<arg>pass</arg>
<arg>English (Indian)</arg>
<arg>Flow Board</arg>
</arguments>
<kw name="Enter_Username" library="LoginPage">
<arguments>
<arg>${username}</arg>
</arguments>
<kw name="Input Text" library="SeleniumLibrary">
<doc>Types the given ``text`` into the text field identified by ``locator``.</doc>
<arguments>
<arg>${USERNAME_LOCATOR}</arg>
<arg>${username}</arg>
</arguments>
<msg timestamp="20210326 10:11:29.742" level="INFO">Typing text 'admin' into text field 'xpath=//input[@id='authUser']'.</msg>
<status status="PASS" starttime="20210326 10:11:29.741" endtime="20210326 10:11:29.875"></status>
</kw>
<status status="PASS" starttime="20210326 10:11:29.741" endtime="20210326 10:11:29.875"></status>
</kw>
<kw name="Enter_Password" library="LoginPage">
<arguments>
<arg>${password}</arg>
</arguments>
<kw name="Input Password" library="SeleniumLibrary">
<doc>Types the given password into the text field identified by ``locator``.</doc>
<arguments>
<arg>${PASSWORD_LOCATOR}</arg>
<arg>${password}</arg>
</arguments>
<msg timestamp="20210326 10:11:29.879" level="INFO">Typing password into text field 'id=clearPass'.</msg>
<msg timestamp="20210326 10:11:29.937" level="INFO">Temporally setting log level to: NONE</msg>
<msg timestamp="20210326 10:11:29.993" level="INFO">Log level changed from NONE to INFO.</msg>
<status status="PASS" starttime="20210326 10:11:29.878" endtime="20210326 10:11:29.993"></status>
</kw>
<status status="PASS" starttime="20210326 10:11:29.876" endtime="20210326 10:11:29.993"></status>
</kw>
<kw name="Select_Language_Using_Label" library="LoginPage">
<arguments>
<arg>${language}</arg>
</arguments>
<kw name="Select From List By Label" library="SeleniumLibrary">
<doc>Selects options from selection list ``locator`` by ``labels``.</doc>
<arguments>
<arg>${LANGUAGE_LOCATOR}</arg>
<arg>${language}</arg>
</arguments>
<msg timestamp="20210326 10:11:29.994" level="INFO">Selecting options from selection list 'name=languageChoice' by label English (Indian).</msg>
<status status="PASS" starttime="20210326 10:11:29.994" endtime="20210326 10:11:30.079"></status>
</kw>
<status status="PASS" starttime="20210326 10:11:29.994" endtime="20210326 10:11:30.079"></status>
</kw>
<kw name="Click_Login" library="LoginPage">
<kw name="Click Element" library="SeleniumLibrary">
<doc>Click the element identified by ``locator``.</doc>
<arguments>
<arg>${LOGIN_LOCATOR}</arg>
</arguments>
<msg timestamp="20210326 10:11:30.080" level="INFO">Clicking element 'xpath=//button[@type='submit']'.</msg>
<status status="PASS" starttime="20210326 10:11:30.079" endtime="20210326 10:11:34.075"></status>
</kw>
<status status="PASS" starttime="20210326 10:11:30.079" endtime="20210326 10:11:34.076"></status>
</kw>
<kw name="Dashboard_Page_Should_Contain" library="DashboardPage">
<arguments>
<arg>${expectedvalue}</arg>
</arguments>
<kw name="Wait Until Page Contains Element" library="SeleniumLibrary">
<doc>Waits until the element ``locator`` appears on the current page.</doc>
<arguments>
<arg>${PROFILENAME_LOCATOR}</arg>
<arg>timeout=30s</arg>
</arguments>
<status status="PASS" starttime="20210326 10:11:34.077" endtime="20210326 10:11:34.097"></status>
</kw>
<kw name="Page Should Contain" library="SeleniumLibrary">
<doc>Verifies that current page contains ``text``.</doc>
<arguments>
<arg>${expectedtext}</arg>
</arguments>
<msg timestamp="20210326 10:11:34.115" level="INFO">Current page contains text 'Flow Board'.</msg>
<status status="PASS" starttime="20210326 10:11:34.097" endtime="20210326 10:11:34.115"></status>
</kw>
<status status="PASS" starttime="20210326 10:11:34.076" endtime="20210326 10:11:34.115"></status>
</kw>
<kw name="Mouse_Over_Profile_Name" library="DashboardPage">
<kw name="Mouse Over" library="SeleniumLibrary">
<doc>Simulates hovering the mouse over the element ``locator``.</doc>
<arguments>
<arg>${PROFILENAME_LOCATOR}</arg>
</arguments>
<msg timestamp="20210326 10:11:34.116" level="INFO">Simulating Mouse Over on element 'xpath=//span[@data-bind='text:fname']'.</msg>
<status status="PASS" starttime="20210326 10:11:34.116" endtime="20210326 10:11:34.393"></status>
</kw>
<status status="PASS" starttime="20210326 10:11:34.115" endtime="20210326 10:11:34.393"></status>
</kw>
<kw name="Click_LogOut" library="DashboardPage">
<kw name="Click Element" library="SeleniumLibrary">
<doc>Click the element identified by ``locator``.</doc>
<arguments>
<arg>${LOGOUT_LOCATOR}</arg>
</arguments>
<msg timestamp="20210326 10:11:34.394" level="INFO">Clicking element 'xpath=//li[text()='Logout']'.</msg>
<status status="PASS" starttime="20210326 10:11:34.394" endtime="20210326 10:11:34.457"></status>
</kw>
<status status="PASS" starttime="20210326 10:11:34.393" endtime="20210326 10:11:34.458"></status>
</kw>
<status status="PASS" starttime="20210326 10:11:29.740" endtime="20210326 10:11:34.458"></status>
</kw>
<kw name="End_Browser" library="common_functionality" type="teardown">
<kw name="Close All Browsers" library="SeleniumLibrary">
<doc>Closes all open browsers and resets the browser cache.</doc>
<status status="PASS" starttime="20210326 10:11:34.459" endtime="20210326 10:11:37.816"></status>
</kw>
<status status="PASS" starttime="20210326 10:11:34.459" endtime="20210326 10:11:37.816"></status>
</kw>
<status status="PASS" starttime="20210326 10:11:24.678" endtime="20210326 10:11:37.816" critical="yes"></status>
</test>
<test id="s1-s2-t2" name="TC2">
<kw name="Launch_Browser" library="common_functionality" type="setup">
<kw name="Append To Environment Variable" library="OperatingSystem">
<doc>Appends given ``values`` to environment variable ``name``.</doc>
<arguments>
<arg>PATH</arg>
<arg>${EXECDIR}${/}driver</arg>
</arguments>
<msg timestamp="20210326 10:11:37.820" level="INFO">Environment variable 'PATH' set to value 'C:\Program Files (x86)\Common Files\Oracle\Java\javapath;C:\WINDOWS\system32;C:\WINDOWS;C:\WINDOWS\System32\Wbem;C:\WINDOWS\System32\WindowsPowerShell\v1.0\;C:\WINDOWS\System32\OpenSSH\;C:\Program Files\Java\jdk1.8.0_281\bin;C:\Users\JiDi\AppData\Local\Android\Sdk\platform-tools;C:\Users\JiDi\AppData\Local\Android\Sdk\emulator;C:\Program Files\nodejs\;C:\Components\Maven\apache-maven-3.6.3\bin;C:\Program Files\Java\jdk1.8.0_281\bin;C:\Program Files (x86)\Windows Kits\10\Windows Performance Toolkit\;C:\Program Files\Python39;C:\Program Files\Python39\Scripts;C:\Program Files\Git\cmd;C:\Users\JiDi\AppData\Roaming\npm;;D:\B-Mine\Company\Company\Ericsson\robot_workpace\OpenEmr\driver;D:\B-Mine\Company\Company\Ericsson\robot_workpace\OpenEmr\driver;D:\B-Mine\Company\Company\Ericsson\robot_workpace\OpenEmr\driver;D:\B-Mine\Company\Company\Ericsson\robot_workpace\OpenEmr\driver;D:\B-Mine\Company\Company\Ericsson\robot_workpace\OpenEmr\driver'.</msg>
<status status="PASS" starttime="20210326 10:11:37.820" endtime="20210326 10:11:37.820"></status>
</kw>
<kw name="Open Browser" library="SeleniumLibrary">
<doc>Opens a new browser instance to the optional ``url``.</doc>
<arguments>
<arg>browser=${BROWSER}</arg>
</arguments>
<msg timestamp="20210326 10:11:37.820" level="INFO">Opening browser 'chrome' to base url 'None'.</msg>
<status status="PASS" starttime="20210326 10:11:37.820" endtime="20210326 10:11:39.138"></status>
</kw>
<kw name="Maximize Browser Window" library="SeleniumLibrary">
<doc>Maximizes current browser window.</doc>
<status status="PASS" starttime="20210326 10:11:39.138" endtime="20210326 10:11:39.273"></status>
</kw>
<kw name="Go To" library="SeleniumLibrary">
<doc>Navigates the current browser window to the provided ``url``.</doc>
<arguments>
<arg>url=${URL}</arg>
</arguments>
<msg timestamp="20210326 10:11:39.274" level="INFO">Opening url 'https://demo.openemr.io/b/openemr/interface/login/login.php?site=default'</msg>
<status status="PASS" starttime="20210326 10:11:39.274" endtime="20210326 10:11:42.624"></status>
</kw>
<kw name="Set Selenium Implicit Wait" library="SeleniumLibrary">
<doc>Sets the implicit wait value used by Selenium.</doc>
<arguments>
<arg>30s</arg>
</arguments>
<status status="PASS" starttime="20210326 10:11:42.624" endtime="20210326 10:11:42.627"></status>
</kw>
<kw name="Set Selenium Timeout" library="SeleniumLibrary">
<doc>Sets the timeout that is used by various keywords.</doc>
<arguments>
<arg>50s</arg>
</arguments>
<status status="PASS" starttime="20210326 10:11:42.627" endtime="20210326 10:11:42.632"></status>
</kw>
<status status="PASS" starttime="20210326 10:11:37.818" endtime="20210326 10:11:42.633"></status>
</kw>
<kw name="Valid_Credential_Template">
<arguments>
<arg>physician</arg>
<arg>physician</arg>
<arg>English (Indian)</arg>
<arg>Flow Board</arg>
</arguments>
<kw name="Enter_Username" library="LoginPage">
<arguments>
<arg>${username}</arg>
</arguments>
<kw name="Input Text" library="SeleniumLibrary">
<doc>Types the given ``text`` into the text field identified by ``locator``.</doc>
<arguments>
<arg>${USERNAME_LOCATOR}</arg>
<arg>${username}</arg>
</arguments>
<msg timestamp="20210326 10:11:42.637" level="INFO">Typing text 'physician' into text field 'xpath=//input[@id='authUser']'.</msg>
<status status="PASS" starttime="20210326 10:11:42.636" endtime="20210326 10:11:42.787"></status>
</kw>
<status status="PASS" starttime="20210326 10:11:42.635" endtime="20210326 10:11:42.787"></status>
</kw>
<kw name="Enter_Password" library="LoginPage">
<arguments>
<arg>${password}</arg>
</arguments>
<kw name="Input Password" library="SeleniumLibrary">
<doc>Types the given password into the text field identified by ``locator``.</doc>
<arguments>
<arg>${PASSWORD_LOCATOR}</arg>
<arg>${password}</arg>
</arguments>
<msg timestamp="20210326 10:11:42.789" level="INFO">Typing password into text field 'id=clearPass'.</msg>
<msg timestamp="20210326 10:11:42.838" level="INFO">Temporally setting log level to: NONE</msg>
<msg timestamp="20210326 10:11:42.904" level="INFO">Log level changed from NONE to INFO.</msg>
<status status="PASS" starttime="20210326 10:11:42.788" endtime="20210326 10:11:42.904"></status>
</kw>
<status status="PASS" starttime="20210326 10:11:42.787" endtime="20210326 10:11:42.904"></status>
</kw>
<kw name="Select_Language_Using_Label" library="LoginPage">
<arguments>
<arg>${language}</arg>
</arguments>
<kw name="Select From List By Label" library="SeleniumLibrary">
<doc>Selects options from selection list ``locator`` by ``labels``.</doc>
<arguments>
<arg>${LANGUAGE_LOCATOR}</arg>
<arg>${language}</arg>
</arguments>
<msg timestamp="20210326 10:11:42.905" level="INFO">Selecting options from selection list 'name=languageChoice' by label English (Indian).</msg>
<status status="PASS" starttime="20210326 10:11:42.905" endtime="20210326 10:11:42.982"></status>
</kw>
<status status="PASS" starttime="20210326 10:11:42.904" endtime="20210326 10:11:42.982"></status>
</kw>
<kw name="Click_Login" library="LoginPage">
<kw name="Click Element" library="SeleniumLibrary">
<doc>Click the element identified by ``locator``.</doc>
<arguments>
<arg>${LOGIN_LOCATOR}</arg>
</arguments>
<msg timestamp="20210326 10:11:42.983" level="INFO">Clicking element 'xpath=//button[@type='submit']'.</msg>
<status status="PASS" starttime="20210326 10:11:42.982" endtime="20210326 10:11:46.502"></status>
</kw>
<status status="PASS" starttime="20210326 10:11:42.982" endtime="20210326 10:11:46.502"></status>
</kw>
<kw name="Dashboard_Page_Should_Contain" library="DashboardPage">
<arguments>
<arg>${expectedvalue}</arg>
</arguments>
<kw name="Wait Until Page Contains Element" library="SeleniumLibrary">
<doc>Waits until the element ``locator`` appears on the current page.</doc>
<arguments>
<arg>${PROFILENAME_LOCATOR}</arg>
<arg>timeout=30s</arg>
</arguments>
<status status="PASS" starttime="20210326 10:11:46.503" endtime="20210326 10:11:46.519"></status>
</kw>
<kw name="Page Should Contain" library="SeleniumLibrary">
<doc>Verifies that current page contains ``text``.</doc>
<arguments>
<arg>${expectedtext}</arg>
</arguments>
<msg timestamp="20210326 10:11:46.541" level="INFO">Current page contains text 'Flow Board'.</msg>
<status status="PASS" starttime="20210326 10:11:46.519" endtime="20210326 10:11:46.541"></status>
</kw>
<status status="PASS" starttime="20210326 10:11:46.502" endtime="20210326 10:11:46.541"></status>
</kw>
<kw name="Mouse_Over_Profile_Name" library="DashboardPage">
<kw name="Mouse Over" library="SeleniumLibrary">
<doc>Simulates hovering the mouse over the element ``locator``.</doc>
<arguments>
<arg>${PROFILENAME_LOCATOR}</arg>
</arguments>
<msg timestamp="20210326 10:11:46.542" level="INFO">Simulating Mouse Over on element 'xpath=//span[@data-bind='text:fname']'.</msg>
<status status="PASS" starttime="20210326 10:11:46.542" endtime="20210326 10:11:46.820"></status>
</kw>
<status status="PASS" starttime="20210326 10:11:46.541" endtime="20210326 10:11:46.821"></status>
</kw>
<kw name="Click_LogOut" library="DashboardPage">
<kw name="Click Element" library="SeleniumLibrary">
<doc>Click the element identified by ``locator``.</doc>
<arguments>
<arg>${LOGOUT_LOCATOR}</arg>
</arguments>
<msg timestamp="20210326 10:11:46.826" level="INFO">Clicking element 'xpath=//li[text()='Logout']'.</msg>
<status status="PASS" starttime="20210326 10:11:46.824" endtime="20210326 10:11:46.897"></status>
</kw>
<status status="PASS" starttime="20210326 10:11:46.822" endtime="20210326 10:11:46.897"></status>
</kw>
<status status="PASS" starttime="20210326 10:11:42.635" endtime="20210326 10:11:46.898"></status>
</kw>
<kw name="End_Browser" library="common_functionality" type="teardown">
<kw name="Close All Browsers" library="SeleniumLibrary">
<doc>Closes all open browsers and resets the browser cache.</doc>
<status status="PASS" starttime="20210326 10:11:46.899" endtime="20210326 10:11:49.164"></status>
</kw>
<status status="PASS" starttime="20210326 10:11:46.898" endtime="20210326 10:11:49.164"></status>
</kw>
<status status="PASS" starttime="20210326 10:11:37.818" endtime="20210326 10:11:49.165" critical="yes"></status>
</test>
<test id="s1-s2-t3" name="TC3">
<kw name="Launch_Browser" library="common_functionality" type="setup">
<kw name="Append To Environment Variable" library="OperatingSystem">
<doc>Appends given ``values`` to environment variable ``name``.</doc>
<arguments>
<arg>PATH</arg>
<arg>${EXECDIR}${/}driver</arg>
</arguments>
<msg timestamp="20210326 10:11:49.168" level="INFO">Environment variable 'PATH' set to value 'C:\Program Files (x86)\Common Files\Oracle\Java\javapath;C:\WINDOWS\system32;C:\WINDOWS;C:\WINDOWS\System32\Wbem;C:\WINDOWS\System32\WindowsPowerShell\v1.0\;C:\WINDOWS\System32\OpenSSH\;C:\Program Files\Java\jdk1.8.0_281\bin;C:\Users\JiDi\AppData\Local\Android\Sdk\platform-tools;C:\Users\JiDi\AppData\Local\Android\Sdk\emulator;C:\Program Files\nodejs\;C:\Components\Maven\apache-maven-3.6.3\bin;C:\Program Files\Java\jdk1.8.0_281\bin;C:\Program Files (x86)\Windows Kits\10\Windows Performance Toolkit\;C:\Program Files\Python39;C:\Program Files\Python39\Scripts;C:\Program Files\Git\cmd;C:\Users\JiDi\AppData\Roaming\npm;;D:\B-Mine\Company\Company\Ericsson\robot_workpace\OpenEmr\driver;D:\B-Mine\Company\Company\Ericsson\robot_workpace\OpenEmr\driver;D:\B-Mine\Company\Company\Ericsson\robot_workpace\OpenEmr\driver;D:\B-Mine\Company\Company\Ericsson\robot_workpace\OpenEmr\driver;D:\B-Mine\Company\Company\Ericsson\robot_workpace\OpenEmr\driver;D:\B-Mine\Company\Company\Ericsson\robot_workpace\OpenEmr\driver'.</msg>
<status status="PASS" starttime="20210326 10:11:49.168" endtime="20210326 10:11:49.168"></status>
</kw>
<kw name="Open Browser" library="SeleniumLibrary">
<doc>Opens a new browser instance to the optional ``url``.</doc>
<arguments>
<arg>browser=${BROWSER}</arg>
</arguments>
<msg timestamp="20210326 10:11:49.169" level="INFO">Opening browser 'chrome' to base url 'None'.</msg>
<status status="PASS" starttime="20210326 10:11:49.168" endtime="20210326 10:11:50.544"></status>
</kw>
<kw name="Maximize Browser Window" library="SeleniumLibrary">
<doc>Maximizes current browser window.</doc>
<status status="PASS" starttime="20210326 10:11:50.544" endtime="20210326 10:11:50.659"></status>
</kw>
<kw name="Go To" library="SeleniumLibrary">
<doc>Navigates the current browser window to the provided ``url``.</doc>
<arguments>
<arg>url=${URL}</arg>
</arguments>
<msg timestamp="20210326 10:11:50.660" level="INFO">Opening url 'https://demo.openemr.io/b/openemr/interface/login/login.php?site=default'</msg>
<status status="PASS" starttime="20210326 10:11:50.660" endtime="20210326 10:11:54.568"></status>
</kw>
<kw name="Set Selenium Implicit Wait" library="SeleniumLibrary">
<doc>Sets the implicit wait value used by Selenium.</doc>
<arguments>
<arg>30s</arg>
</arguments>
<status status="PASS" starttime="20210326 10:11:54.569" endtime="20210326 10:11:54.572"></status>
</kw>
<kw name="Set Selenium Timeout" library="SeleniumLibrary">
<doc>Sets the timeout that is used by various keywords.</doc>
<arguments>
<arg>50s</arg>
</arguments>
<status status="PASS" starttime="20210326 10:11:54.572" endtime="20210326 10:11:54.574"></status>
</kw>
<status status="PASS" starttime="20210326 10:11:49.167" endtime="20210326 10:11:54.575"></status>
</kw>
<kw name="Valid_Credential_Template">
<arguments>
<arg>accountant</arg>
<arg>accountant</arg>
<arg>English (Indian)</arg>
<arg>Flow Board</arg>
</arguments>
<kw name="Enter_Username" library="LoginPage">
<arguments>
<arg>${username}</arg>
</arguments>
<kw name="Input Text" library="SeleniumLibrary">
<doc>Types the given ``text`` into the text field identified by ``locator``.</doc>
<arguments>
<arg>${USERNAME_LOCATOR}</arg>
<arg>${username}</arg>
</arguments>
<msg timestamp="20210326 10:11:54.577" level="INFO">Typing text 'accountant' into text field 'xpath=//input[@id='authUser']'.</msg>
<status status="PASS" starttime="20210326 10:11:54.577" endtime="20210326 10:11:54.670"></status>
</kw>
<status status="PASS" starttime="20210326 10:11:54.576" endtime="20210326 10:11:54.670"></status>
</kw>
<kw name="Enter_Password" library="LoginPage">
<arguments>
<arg>${password}</arg>
</arguments>
<kw name="Input Password" library="SeleniumLibrary">
<doc>Types the given password into the text field identified by ``locator``.</doc>
<arguments>
<arg>${PASSWORD_LOCATOR}</arg>
<arg>${password}</arg>
</arguments>
<msg timestamp="20210326 10:11:54.671" level="INFO">Typing password into text field 'id=clearPass'.</msg>
<msg timestamp="20210326 10:11:54.714" level="INFO">Temporally setting log level to: NONE</msg>
<msg timestamp="20210326 10:11:54.774" level="INFO">Log level changed from NONE to INFO.</msg>
<status status="PASS" starttime="20210326 10:11:54.671" endtime="20210326 10:11:54.774"></status>
</kw>
<status status="PASS" starttime="20210326 10:11:54.670" endtime="20210326 10:11:54.775"></status>
</kw>
<kw name="Select_Language_Using_Label" library="LoginPage">
<arguments>
<arg>${language}</arg>
</arguments>
<kw name="Select From List By Label" library="SeleniumLibrary">
<doc>Selects options from selection list ``locator`` by ``labels``.</doc>
<arguments>
<arg>${LANGUAGE_LOCATOR}</arg>
<arg>${language}</arg>
</arguments>
<msg timestamp="20210326 10:11:54.776" level="INFO">Selecting options from selection list 'name=languageChoice' by label English (Indian).</msg>
<status status="PASS" starttime="20210326 10:11:54.776" endtime="20210326 10:11:54.861"></status>
</kw>
<status status="PASS" starttime="20210326 10:11:54.775" endtime="20210326 10:11:54.861"></status>
</kw>
<kw name="Click_Login" library="LoginPage">
<kw name="Click Element" library="SeleniumLibrary">
<doc>Click the element identified by ``locator``.</doc>
<arguments>
<arg>${LOGIN_LOCATOR}</arg>
</arguments>
<msg timestamp="20210326 10:11:54.862" level="INFO">Clicking element 'xpath=//button[@type='submit']'.</msg>
<status status="PASS" starttime="20210326 10:11:54.862" endtime="20210326 10:11:58.382"></status>
</kw>
<status status="PASS" starttime="20210326 10:11:54.861" endtime="20210326 10:11:58.382"></status>
</kw>
<kw name="Dashboard_Page_Should_Contain" library="DashboardPage">
<arguments>
<arg>${expectedvalue}</arg>
</arguments>
<kw name="Wait Until Page Contains Element" library="SeleniumLibrary">
<doc>Waits until the element ``locator`` appears on the current page.</doc>
<arguments>
<arg>${PROFILENAME_LOCATOR}</arg>
<arg>timeout=30s</arg>
</arguments>
<status status="PASS" starttime="20210326 10:11:58.384" endtime="20210326 10:11:58.403"></status>
</kw>
<kw name="Page Should Contain" library="SeleniumLibrary">
<doc>Verifies that current page contains ``text``.</doc>
<arguments>
<arg>${expectedtext}</arg>
</arguments>
<msg timestamp="20210326 10:11:58.426" level="INFO">Current page contains text 'Flow Board'.</msg>
<status status="PASS" starttime="20210326 10:11:58.404" endtime="20210326 10:11:58.426"></status>
</kw>
<status status="PASS" starttime="20210326 10:11:58.382" endtime="20210326 10:11:58.426"></status>
</kw>
<kw name="Mouse_Over_Profile_Name" library="DashboardPage">
<kw name="Mouse Over" library="SeleniumLibrary">
<doc>Simulates hovering the mouse over the element ``locator``.</doc>
<arguments>
<arg>${PROFILENAME_LOCATOR}</arg>
</arguments>
<msg timestamp="20210326 10:11:58.427" level="INFO">Simulating Mouse Over on element 'xpath=//span[@data-bind='text:fname']'.</msg>
<status status="PASS" starttime="20210326 10:11:58.427" endtime="20210326 10:11:58.705"></status>
</kw>
<status status="PASS" starttime="20210326 10:11:58.426" endtime="20210326 10:11:58.705"></status>
</kw>
<kw name="Click_LogOut" library="DashboardPage">
<kw name="Click Element" library="SeleniumLibrary">
<doc>Click the element identified by ``locator``.</doc>
<arguments>
<arg>${LOGOUT_LOCATOR}</arg>
</arguments>
<msg timestamp="20210326 10:11:58.706" level="INFO">Clicking element 'xpath=//li[text()='Logout']'.</msg>
<status status="PASS" starttime="20210326 10:11:58.706" endtime="20210326 10:11:58.774"></status>
</kw>
<status status="PASS" starttime="20210326 10:11:58.705" endtime="20210326 10:11:58.775"></status>
</kw>
<status status="PASS" starttime="20210326 10:11:54.575" endtime="20210326 10:11:58.775"></status>
</kw>
<kw name="End_Browser" library="common_functionality" type="teardown">
<kw name="Close All Browsers" library="SeleniumLibrary">
<doc>Closes all open browsers and resets the browser cache.</doc>
<status status="PASS" starttime="20210326 10:11:58.776" endtime="20210326 10:12:01.197"></status>
</kw>
<status status="PASS" starttime="20210326 10:11:58.775" endtime="20210326 10:12:01.197"></status>
</kw>
<status status="PASS" starttime="20210326 10:11:49.167" endtime="20210326 10:12:01.198" critical="yes"></status>
</test>
<doc>This file validates the positive credentials
on the open emr demo application</doc>
<status status="PASS" starttime="20210326 10:11:24.648" endtime="20210326 10:12:01.200"></status>
</suite>
<suite id="s1-s3" name="Verify Add Patient Tests" source="D:\B-Mine\Company\Company\Ericsson\robot_workpace\OpenEmr\PatientSuite\verify_add_patient_tests.robot">
<test id="s1-s3-t1" name="Verify_Add_Patient_Test_admin">
<kw name="Launch_Browser" library="common_functionality" type="setup">
<kw name="Append To Environment Variable" library="OperatingSystem">
<doc>Appends given ``values`` to environment variable ``name``.</doc>
<arguments>
<arg>PATH</arg>
<arg>${EXECDIR}${/}driver</arg>
</arguments>
<msg timestamp="20210326 10:12:01.241" level="INFO">Environment variable 'PATH' set to value 'C:\Program Files (x86)\Common Files\Oracle\Java\javapath;C:\WINDOWS\system32;C:\WINDOWS;C:\WINDOWS\System32\Wbem;C:\WINDOWS\System32\WindowsPowerShell\v1.0\;C:\WINDOWS\System32\OpenSSH\;C:\Program Files\Java\jdk1.8.0_281\bin;C:\Users\JiDi\AppData\Local\Android\Sdk\platform-tools;C:\Users\JiDi\AppData\Local\Android\Sdk\emulator;C:\Program Files\nodejs\;C:\Components\Maven\apache-maven-3.6.3\bin;C:\Program Files\Java\jdk1.8.0_281\bin;C:\Program Files (x86)\Windows Kits\10\Windows Performance Toolkit\;C:\Program Files\Python39;C:\Program Files\Python39\Scripts;C:\Program Files\Git\cmd;C:\Users\JiDi\AppData\Roaming\npm;;D:\B-Mine\Company\Company\Ericsson\robot_workpace\OpenEmr\driver;D:\B-Mine\Company\Company\Ericsson\robot_workpace\OpenEmr\driver;D:\B-Mine\Company\Company\Ericsson\robot_workpace\OpenEmr\driver;D:\B-Mine\Company\Company\Ericsson\robot_workpace\OpenEmr\driver;D:\B-Mine\Company\Company\Ericsson\robot_workpace\OpenEmr\driver;D:\B-Mine\Company\Company\Ericsson\robot_workpace\OpenEmr\driver;D:\B-Mine\Company\Company\Ericsson\robot_workpace\OpenEmr\driver'.</msg>
<status status="PASS" starttime="20210326 10:12:01.241" endtime="20210326 10:12:01.241"></status>
</kw>
<kw name="Open Browser" library="SeleniumLibrary">
<doc>Opens a new browser instance to the optional ``url``.</doc>
<arguments>
<arg>browser=${BROWSER}</arg>
</arguments>
<msg timestamp="20210326 10:12:01.242" level="INFO">Opening browser 'chrome' to base url 'None'.</msg>
<status status="PASS" starttime="20210326 10:12:01.241" endtime="20210326 10:12:02.884"></status>
</kw>
<kw name="Maximize Browser Window" library="SeleniumLibrary">
<doc>Maximizes current browser window.</doc>
<status status="PASS" starttime="20210326 10:12:02.884" endtime="20210326 10:12:03.003"></status>
</kw>
<kw name="Go To" library="SeleniumLibrary">
<doc>Navigates the current browser window to the provided ``url``.</doc>
<arguments>
<arg>url=${URL}</arg>
</arguments>
<msg timestamp="20210326 10:12:03.004" level="INFO">Opening url 'https://demo.openemr.io/b/openemr/interface/login/login.php?site=default'</msg>
<status status="PASS" starttime="20210326 10:12:03.003" endtime="20210326 10:12:06.348"></status>
</kw>
<kw name="Set Selenium Implicit Wait" library="SeleniumLibrary">
<doc>Sets the implicit wait value used by Selenium.</doc>
<arguments>
<arg>30s</arg>
</arguments>
<status status="PASS" starttime="20210326 10:12:06.348" endtime="20210326 10:12:06.351"></status>
</kw>
<kw name="Set Selenium Timeout" library="SeleniumLibrary">
<doc>Sets the timeout that is used by various keywords.</doc>
<arguments>
<arg>50s</arg>
</arguments>
<status status="PASS" starttime="20210326 10:12:06.351" endtime="20210326 10:12:06.353"></status>
</kw>
<status status="PASS" starttime="20210326 10:12:01.240" endtime="20210326 10:12:06.354"></status>
</kw>
<kw name="Verify_Add_Patient_Template">
<arguments>
<arg>admin</arg>
<arg>pass</arg>
<arg>English (Indian)</arg>
<arg>bala</arg>
<arg>dina</arg>
<arg>2021-03-28</arg>
<arg>Male</arg>
<arg>New Due</arg>
<arg>Bala Dina</arg>
</arguments>
<kw name="Enter_Username" library="LoginPage">
<arguments>
<arg>${username}</arg>
</arguments>
<kw name="Input Text" library="SeleniumLibrary">
<doc>Types the given ``text`` into the text field identified by ``locator``.</doc>
<arguments>
<arg>${USERNAME_LOCATOR}</arg>
<arg>${username}</arg>
</arguments>
<msg timestamp="20210326 10:12:06.356" level="INFO">Typing text 'admin' into text field 'xpath=//input[@id='authUser']'.</msg>
<status status="PASS" starttime="20210326 10:12:06.356" endtime="20210326 10:12:06.473"></status>
</kw>
<status status="PASS" starttime="20210326 10:12:06.355" endtime="20210326 10:12:06.473"></status>
</kw>
<kw name="Enter_Password" library="LoginPage">
<arguments>
<arg>${password}</arg>
</arguments>
<kw name="Input Password" library="SeleniumLibrary">
<doc>Types the given password into the text field identified by ``locator``.</doc>
<arguments>
<arg>${PASSWORD_LOCATOR}</arg>
<arg>${password}</arg>
</arguments>
<msg timestamp="20210326 10:12:06.474" level="INFO">Typing password into text field 'id=clearPass'.</msg>
<msg timestamp="20210326 10:12:06.520" level="INFO">Temporally setting log level to: NONE</msg>
<msg timestamp="20210326 10:12:06.570" level="INFO">Log level changed from NONE to INFO.</msg>
<status status="PASS" starttime="20210326 10:12:06.474" endtime="20210326 10:12:06.570"></status>
</kw>
<status status="PASS" starttime="20210326 10:12:06.473" endtime="20210326 10:12:06.571"></status>
</kw>
<kw name="Select_Language_Using_Label" library="LoginPage">
<arguments>
<arg>${language}</arg>
</arguments>
<kw name="Select From List By Label" library="SeleniumLibrary">
<doc>Selects options from selection list ``locator`` by ``labels``.</doc>
<arguments>
<arg>${LANGUAGE_LOCATOR}</arg>
<arg>${language}</arg>
</arguments>
<msg timestamp="20210326 10:12:06.573" level="INFO">Selecting options from selection list 'name=languageChoice' by label English (Indian).</msg>
<status status="PASS" starttime="20210326 10:12:06.572" endtime="20210326 10:12:06.650"></status>
</kw>
<status status="PASS" starttime="20210326 10:12:06.571" endtime="20210326 10:12:06.650"></status>
</kw>
<kw name="Click_Login" library="LoginPage">
<kw name="Click Element" library="SeleniumLibrary">
<doc>Click the element identified by ``locator``.</doc>
<arguments>
<arg>${LOGIN_LOCATOR}</arg>
</arguments>
<msg timestamp="20210326 10:12:06.651" level="INFO">Clicking element 'xpath=//button[@type='submit']'.</msg>
<status status="PASS" starttime="20210326 10:12:06.651" endtime="20210326 10:12:10.308"></status>
</kw>
<status status="PASS" starttime="20210326 10:12:06.650" endtime="20210326 10:12:10.309"></status>
</kw>
<kw name="Mouse Over" library="SeleniumLibrary">
<doc>Simulates hovering the mouse over the element ``locator``.</doc>
<arguments>
<arg>xpath=//div[text()='Patient/Client']</arg>
</arguments>
<msg timestamp="20210326 10:12:10.309" level="INFO">Simulating Mouse Over on element 'xpath=//div[text()='Patient/Client']'.</msg>
<status status="PASS" starttime="20210326 10:12:10.309" endtime="20210326 10:12:10.592"></status>
</kw>
<kw name="Click Element" library="SeleniumLibrary">
<doc>Click the element identified by ``locator``.</doc>
<arguments>
<arg>xpath=//div[text()='Patients']</arg>
</arguments>
<msg timestamp="20210326 10:12:10.592" level="INFO">Clicking element 'xpath=//div[text()='Patients']'.</msg>
<status status="PASS" starttime="20210326 10:12:10.592" endtime="20210326 10:12:10.664"></status>
</kw>
<kw name="Select Frame" library="SeleniumLibrary">
<doc>Sets frame identified by ``locator`` as the current frame.</doc>
<arguments>
<arg>xpath=//iframe[@name='fin']</arg>
</arguments>
<msg timestamp="20210326 10:12:10.664" level="INFO">Selecting frame 'xpath=//iframe[@name='fin']'.</msg>
<status status="PASS" starttime="20210326 10:12:10.664" endtime="20210326 10:12:11.487"></status>
</kw>
<kw name="Click Element" library="SeleniumLibrary">
<doc>Click the element identified by ``locator``.</doc>
<arguments>
<arg>id=create_patient_btn1</arg>
</arguments>
<msg timestamp="20210326 10:12:11.487" level="INFO">Clicking element 'id=create_patient_btn1'.</msg>
<status status="PASS" starttime="20210326 10:12:11.487" endtime="20210326 10:12:11.706"></status>
</kw>
<kw name="Unselect Frame" library="SeleniumLibrary">
<doc>Sets the main frame as the current frame.</doc>
<status status="PASS" starttime="20210326 10:12:11.706" endtime="20210326 10:12:11.722"></status>
</kw>
<kw name="Select Frame" library="SeleniumLibrary">
<doc>Sets frame identified by ``locator`` as the current frame.</doc>
<arguments>
<arg>xpath=//iframe[@name='pat']</arg>
</arguments>
<msg timestamp="20210326 10:12:11.723" level="INFO">Selecting frame 'xpath=//iframe[@name='pat']'.</msg>
<status status="PASS" starttime="20210326 10:12:11.723" endtime="20210326 10:12:12.647"></status>
</kw>
<kw name="Input Text" library="SeleniumLibrary">
<doc>Types the given ``text`` into the text field identified by ``locator``.</doc>
<arguments>
<arg>id=form_fname</arg>
<arg>${firstname}</arg>
</arguments>
<msg timestamp="20210326 10:12:12.648" level="INFO">Typing text 'bala' into text field 'id=form_fname'.</msg>
<status status="PASS" starttime="20210326 10:12:12.647" endtime="20210326 10:12:12.930"></status>
</kw>
<kw name="Input Text" library="SeleniumLibrary">
<doc>Types the given ``text`` into the text field identified by ``locator``.</doc>
<arguments>
<arg>id=form_lname</arg>
<arg>${lastname}</arg>
</arguments>
<msg timestamp="20210326 10:12:12.931" level="INFO">Typing text 'dina' into text field 'id=form_lname'.</msg>
<status status="PASS" starttime="20210326 10:12:12.930" endtime="20210326 10:12:13.061"></status>
</kw>
<kw name="Input Text" library="SeleniumLibrary">
<doc>Types the given ``text`` into the text field identified by ``locator``.</doc>
<arguments>
<arg>id=form_DOB</arg>
<arg>${dob}</arg>
</arguments>
<msg timestamp="20210326 10:12:13.062" level="INFO">Typing text '2021-03-28' into text field 'id=form_DOB'.</msg>
<status status="PASS" starttime="20210326 10:12:13.061" endtime="20210326 10:12:13.212"></status>
</kw>
<kw name="Select From List By Label" library="SeleniumLibrary">
<doc>Selects options from selection list ``locator`` by ``labels``.</doc>
<arguments>
<arg>id=form_sex</arg>
<arg>${gender}</arg>
</arguments>
<msg timestamp="20210326 10:12:13.213" level="INFO">Selecting options from selection list 'id=form_sex' by label Male.</msg>
<status status="PASS" starttime="20210326 10:12:13.213" endtime="20210326 10:12:13.364"></status>
</kw>
<kw name="Click Element" library="SeleniumLibrary">
<doc>Click the element identified by ``locator``.</doc>
<arguments>
<arg>id=create</arg>
</arguments>
<msg timestamp="20210326 10:12:13.364" level="INFO">Clicking element 'id=create'.</msg>
<status status="PASS" starttime="20210326 10:12:13.364" endtime="20210326 10:12:13.618"></status>
</kw>
<kw name="Unselect Frame" library="SeleniumLibrary">
<doc>Sets the main frame as the current frame.</doc>
<status status="PASS" starttime="20210326 10:12:13.618" endtime="20210326 10:12:13.670"></status>
</kw>
<kw name="Set Selenium Speed" library="SeleniumLibrary">
<doc>Sets the delay that is waited after each Selenium command.</doc>
<arguments>
<arg>1s</arg>
</arguments>
<status status="PASS" starttime="20210326 10:12:13.670" endtime="20210326 10:12:13.671"></status>
</kw>
<kw name="Select Frame" library="SeleniumLibrary">
<doc>Sets frame identified by ``locator`` as the current frame.</doc>
<arguments>
<arg>//iframe[@id='modalframe']</arg>
</arguments>
<msg timestamp="20210326 10:12:13.671" level="INFO">Selecting frame '//iframe[@id='modalframe']'.</msg>
<status status="PASS" starttime="20210326 10:12:13.671" endtime="20210326 10:12:15.723"></status>
</kw>
<kw name="Click Element" library="SeleniumLibrary">
<doc>Click the element identified by ``locator``.</doc>
<arguments>
<arg>//input[@value='Confirm Create New Patient']</arg>
</arguments>
<msg timestamp="20210326 10:12:15.723" level="INFO">Clicking element '//input[@value='Confirm Create New Patient']'.</msg>
<status status="PASS" starttime="20210326 10:12:15.723" endtime="20210326 10:12:17.822"></status>
</kw>
<kw name="Unselect Frame" library="SeleniumLibrary">
<doc>Sets the main frame as the current frame.</doc>
<status status="PASS" starttime="20210326 10:12:17.822" endtime="20210326 10:12:18.825"></status>
</kw>
<kw name="Handle Alert" library="SeleniumLibrary">
<doc>Handles the current alert and returns its message.</doc>
<arguments>
<arg>timeout=30s</arg>
</arguments>
<assign>
<var>${message}</var>
</assign>
<msg timestamp="20210326 10:12:18.825" level="INFO">HANDLE::&lt;class 'datetime.timedelta'&gt;::0:00:30</msg>
<msg timestamp="20210326 10:12:22.837" level="INFO">${message} = New Due Clinical Reminders  Assessment: Tobacco  (See the Clinical Reminders widget for more details)</msg>
<status status="PASS" starttime="20210326 10:12:18.825" endtime="20210326 10:12:22.837"></status>
</kw>
<kw name="Should Contain" library="BuiltIn">
<doc>Fails if ``container`` does not contain ``item`` one or more times.</doc>
<arguments>
<arg>${message}</arg>
<arg>${expectedalerttext}</arg>
</arguments>
<status status="PASS" starttime="20210326 10:12:22.837" endtime="20210326 10:12:22.838"></status>
</kw>
<kw name="Run Keyword And Ignore Error" library="BuiltIn">
<doc>Runs the given keyword with the given arguments and ignores possible error.</doc>
<arguments>
<arg>Click Element</arg>
<arg>//div[@class='closeDlgIframe']</arg>
</arguments>
<kw name="Click Element" library="SeleniumLibrary">
<doc>Click the element identified by ``locator``.</doc>
<arguments>
<arg>//div[@class='closeDlgIframe']</arg>
</arguments>
<msg timestamp="20210326 10:12:22.838" level="INFO">Clicking element '//div[@class='closeDlgIframe']'.</msg>
<kw name="Capture Page Screenshot" library="SeleniumLibrary">
<doc>Takes a screenshot of the current page and embeds it into a log file.</doc>
<msg timestamp="20210326 10:12:55.120" level="INFO" html="yes">&lt;/td&gt;&lt;/tr&gt;&lt;tr&gt;&lt;td colspan="3"&gt;&lt;a href="screenshot/selenium-screenshot-9.png"&gt;&lt;img src="screenshot/selenium-screenshot-9.png" width="800px"&gt;&lt;/a&gt;</msg>
<status status="PASS" starttime="20210326 10:12:53.845" endtime="20210326 10:12:55.120"></status>
</kw>
<msg timestamp="20210326 10:12:55.195" level="FAIL">Element with locator '//div[@class='closeDlgIframe']' not found.</msg>
<status status="FAIL" starttime="20210326 10:12:22.838" endtime="20210326 10:12:55.196"></status>
</kw>
<status status="PASS" starttime="20210326 10:12:22.838" endtime="20210326 10:12:55.196"></status>
</kw>
<kw name="Select Frame" library="SeleniumLibrary">
<doc>Sets frame identified by ``locator`` as the current frame.</doc>
<arguments>
<arg>pat</arg>
</arguments>
<msg timestamp="20210326 10:12:55.196" level="INFO">Selecting frame 'pat'.</msg>
<status status="PASS" starttime="20210326 10:12:55.196" endtime="20210326 10:12:57.228"></status>
</kw>
<kw name="Element Should Contain" library="SeleniumLibrary">
<doc>Verifies that element ``locator`` contains text ``expected``.</doc>
<arguments>
<arg>//h2[contains(text(),'Medical Record Dashboard')]</arg>
<arg>${expectedvalue}</arg>
</arguments>
<msg timestamp="20210326 10:12:59.256" level="INFO">Element '//h2[contains(text(),'Medical Record Dashboard')]' contains text 'Bala Dina'.</msg>
<status status="PASS" starttime="20210326 10:12:57.229" endtime="20210326 10:12:59.256"></status>
</kw>
<status status="PASS" starttime="20210326 10:12:06.354" endtime="20210326 10:12:59.256"></status>
</kw>
<status status="PASS" starttime="20210326 10:12:01.238" endtime="20210326 10:12:59.257" critical="yes"></status>
</test>
<doc>This file will add the patient and verifies the added record</doc>
<status status="PASS" starttime="20210326 10:12:01.204" endtime="20210326 10:12:59.259"></status>
</suite>
<status status="PASS" starttime="20210326 10:10:52.035" endtime="20210326 10:12:59.264"></status>
</suite>
<statistics>
<total>
<stat pass="7" fail="0">Critical Tests</stat>
<stat pass="7" fail="0">All Tests</stat>
</total>
<tag>
</tag>
<suite>
<stat pass="7" fail="0" id="s1" name="Invalid Credential Tests &amp; Valid Credential Tests &amp; Verify Add Patient Tests">Invalid Credential Tests &amp; Valid Credential Tests &amp; Verify Add Patient Tests</stat>
<stat pass="3" fail="0" id="s1-s1" name="Invalid Credential Tests">Invalid Credential Tests &amp; Valid Credential Tests &amp; Verify Add Patient Tests.Invalid Credential Tests</stat>
<stat pass="3" fail="0" id="s1-s2" name="Valid Credential Tests">Invalid Credential Tests &amp; Valid Credential Tests &amp; Verify Add Patient Tests.Valid Credential Tests</stat>
<stat pass="1" fail="0" id="s1-s3" name="Verify Add Patient Tests">Invalid Credential Tests &amp; Valid Credential Tests &amp; Verify Add Patient Tests.Verify Add Patient Tests</stat>
</suite>
</statistics>
<errors>
</errors>
</robot>
